[2023-03-12 10:56:35] local.ERROR: SQLSTATE[HY000] [1698] Access denied for user 'root'@'localhost' (SQL: select * from `ngostatuses` where `status` = Ongoing order by `created_at` desc) {"exception":"[object] (Illuminate\\Database\\QueryException(code: 1698): SQLSTATE[HY000] [1698] Access denied for user 'root'@'localhost' (SQL: select * from `ngostatuses` where `status` = Ongoing order by `created_at` desc) at /home/badhan/web/ngoadmin.musatech.net/public_html/vendor/laravel/framework/src/Illuminate/Database/Connection.php:712)
[stacktrace]
#0 /home/badhan/web/ngoadmin.musatech.net/public_html/vendor/laravel/framework/src/Illuminate/Database/Connection.php(672): Illuminate\\Database\\Connection->runQueryCallback('select * from `...', Array, Object(Closure))
#1 /home/badhan/web/ngoadmin.musatech.net/public_html/vendor/laravel/framework/src/Illuminate/Database/Connection.php(376): Illuminate\\Database\\Connection->run('select * from `...', Array, Object(Closure))
#2 /home/badhan/web/ngoadmin.musatech.net/public_html/vendor/laravel/framework/src/Illuminate/Database/Query/Builder.php(2484): Illuminate\\Database\\Connection->select('select * from `...', Array, true)
#3 /home/badhan/web/ngoadmin.musatech.net/public_html/vendor/laravel/framework/src/Illuminate/Database/Query/Builder.php(2472): Illuminate\\Database\\Query\\Builder->runSelect()
#4 /home/badhan/web/ngoadmin.musatech.net/public_html/vendor/laravel/framework/src/Illuminate/Database/Query/Builder.php(3006): Illuminate\\Database\\Query\\Builder->Illuminate\\Database\\Query\\{closure}()
#5 /home/badhan/web/ngoadmin.musatech.net/public_html/vendor/laravel/framework/src/Illuminate/Database/Query/Builder.php(2473): Illuminate\\Database\\Query\\Builder->onceWithColumns(Array, Object(Closure))
#6 /home/badhan/web/ngoadmin.musatech.net/public_html/vendor/laravel/framework/src/Illuminate/Database/Eloquent/Builder.php(632): Illuminate\\Database\\Query\\Builder->get(Array)
#7 /home/badhan/web/ngoadmin.musatech.net/public_html/vendor/laravel/framework/src/Illuminate/Database/Eloquent/Builder.php(616): Illuminate\\Database\\Eloquent\\Builder->getModels(Array)
#8 /home/badhan/web/ngoadmin.musatech.net/public_html/app/Providers/AppServiceProvider.php(32): Illuminate\\Database\\Eloquent\\Builder->get()
#9 /home/badhan/web/ngoadmin.musatech.net/public_html/vendor/laravel/framework/src/Illuminate/Container/BoundMethod.php(36): App\\Providers\\AppServiceProvider->boot()
#10 /home/badhan/web/ngoadmin.musatech.net/public_html/vendor/laravel/framework/src/Illuminate/Container/Util.php(41): Illuminate\\Container\\BoundMethod::Illuminate\\Container\\{closure}()
#11 /home/badhan/web/ngoadmin.musatech.net/public_html/vendor/laravel/framework/src/Illuminate/Container/BoundMethod.php(93): Illuminate\\Container\\Util::unwrapIfClosure(Object(Closure))
#12 /home/badhan/web/ngoadmin.musatech.net/public_html/vendor/laravel/framework/src/Illuminate/Container/BoundMethod.php(37): Illuminate\\Container\\BoundMethod::callBoundMethod(Object(Illuminate\\Foundation\\Application), Array, Object(Closure))
#13 /home/badhan/web/ngoadmin.musatech.net/public_html/vendor/laravel/framework/src/Illuminate/Container/Container.php(653): Illuminate\\Container\\BoundMethod::call(Object(Illuminate\\Foundation\\Application), Array, Array, NULL)
#14 /home/badhan/web/ngoadmin.musatech.net/public_html/vendor/laravel/framework/src/Illuminate/Foundation/Application.php(928): Illuminate\\Container\\Container->call(Array)
#15 /home/badhan/web/ngoadmin.musatech.net/public_html/vendor/laravel/framework/src/Illuminate/Foundation/Application.php(909): Illuminate\\Foundation\\Application->bootProvider(Object(App\\Providers\\AppServiceProvider))
#16 [internal function]: Illuminate\\Foundation\\Application->Illuminate\\Foundation\\{closure}(Object(App\\Providers\\AppServiceProvider), 29)
#17 /home/badhan/web/ngoadmin.musatech.net/public_html/vendor/laravel/framework/src/Illuminate/Foundation/Application.php(910): array_walk(Array, Object(Closure))
#18 /home/badhan/web/ngoadmin.musatech.net/public_html/vendor/laravel/framework/src/Illuminate/Foundation/Bootstrap/BootProviders.php(17): Illuminate\\Foundation\\Application->boot()
#19 /home/badhan/web/ngoadmin.musatech.net/public_html/vendor/laravel/framework/src/Illuminate/Foundation/Application.php(239): Illuminate\\Foundation\\Bootstrap\\BootProviders->bootstrap(Object(Illuminate\\Foundation\\Application))
#20 /home/badhan/web/ngoadmin.musatech.net/public_html/vendor/laravel/framework/src/Illuminate/Foundation/Http/Kernel.php(153): Illuminate\\Foundation\\Application->bootstrapWith(Array)
#21 /home/badhan/web/ngoadmin.musatech.net/public_html/vendor/laravel/framework/src/Illuminate/Foundation/Http/Kernel.php(137): Illuminate\\Foundation\\Http\\Kernel->bootstrap()
#22 /home/badhan/web/ngoadmin.musatech.net/public_html/vendor/laravel/framework/src/Illuminate/Foundation/Http/Kernel.php(111): Illuminate\\Foundation\\Http\\Kernel->sendRequestThroughRouter(Object(Illuminate\\Http\\Request))
#23 /home/badhan/web/ngoadmin.musatech.net/public_html/index.php(52): Illuminate\\Foundation\\Http\\Kernel->handle(Object(Illuminate\\Http\\Request))
#24 {main}

[previous exception] [object] (PDOException(code: 1698): SQLSTATE[HY000] [1698] Access denied for user 'root'@'localhost' at /home/badhan/web/ngoadmin.musatech.net/public_html/vendor/laravel/framework/src/Illuminate/Database/Connectors/Connector.php:70)
[stacktrace]
#0 /home/badhan/web/ngoadmin.musatech.net/public_html/vendor/laravel/framework/src/Illuminate/Database/Connectors/Connector.php(70): PDO->__construct('mysql:host=127....', 'root', '', Array)
#1 /home/badhan/web/ngoadmin.musatech.net/public_html/vendor/laravel/framework/src/Illuminate/Database/Connectors/Connector.php(46): Illuminate\\Database\\Connectors\\Connector->createPdoConnection('mysql:host=127....', 'root', '', Array)
#2 /home/badhan/web/ngoadmin.musatech.net/public_html/vendor/laravel/framework/src/Illuminate/Database/Connectors/MySqlConnector.php(24): Illuminate\\Database\\Connectors\\Connector->createConnection('mysql:host=127....', Array, Array)
#3 /home/badhan/web/ngoadmin.musatech.net/public_html/vendor/laravel/framework/src/Illuminate/Database/Connectors/ConnectionFactory.php(184): Illuminate\\Database\\Connectors\\MySqlConnector->connect(Array)
#4 [internal function]: Illuminate\\Database\\Connectors\\ConnectionFactory->Illuminate\\Database\\Connectors\\{closure}()
#5 /home/badhan/web/ngoadmin.musatech.net/public_html/vendor/laravel/framework/src/Illuminate/Database/Connection.php(1060): call_user_func(Object(Closure))
#6 /home/badhan/web/ngoadmin.musatech.net/public_html/vendor/laravel/framework/src/Illuminate/Database/Connection.php(1096): Illuminate\\Database\\Connection->getPdo()
#7 /home/badhan/web/ngoadmin.musatech.net/public_html/vendor/laravel/framework/src/Illuminate/Database/Connection.php(442): Illuminate\\Database\\Connection->getReadPdo()
#8 /home/badhan/web/ngoadmin.musatech.net/public_html/vendor/laravel/framework/src/Illuminate/Database/Connection.php(368): Illuminate\\Database\\Connection->getPdoForSelect(true)
#9 /home/badhan/web/ngoadmin.musatech.net/public_html/vendor/laravel/framework/src/Illuminate/Database/Connection.php(705): Illuminate\\Database\\Connection->Illuminate\\Database\\{closure}('select * from `...', Array)
#10 /home/badhan/web/ngoadmin.musatech.net/public_html/vendor/laravel/framework/src/Illuminate/Database/Connection.php(672): Illuminate\\Database\\Connection->runQueryCallback('select * from `...', Array, Object(Closure))
#11 /home/badhan/web/ngoadmin.musatech.net/public_html/vendor/laravel/framework/src/Illuminate/Database/Connection.php(376): Illuminate\\Database\\Connection->run('select * from `...', Array, Object(Closure))
#12 /home/badhan/web/ngoadmin.musatech.net/public_html/vendor/laravel/framework/src/Illuminate/Database/Query/Builder.php(2484): Illuminate\\Database\\Connection->select('select * from `...', Array, true)
#13 /home/badhan/web/ngoadmin.musatech.net/public_html/vendor/laravel/framework/src/Illuminate/Database/Query/Builder.php(2472): Illuminate\\Database\\Query\\Builder->runSelect()
#14 /home/badhan/web/ngoadmin.musatech.net/public_html/vendor/laravel/framework/src/Illuminate/Database/Query/Builder.php(3006): Illuminate\\Database\\Query\\Builder->Illuminate\\Database\\Query\\{closure}()
#15 /home/badhan/web/ngoadmin.musatech.net/public_html/vendor/laravel/framework/src/Illuminate/Database/Query/Builder.php(2473): Illuminate\\Database\\Query\\Builder->onceWithColumns(Array, Object(Closure))
#16 /home/badhan/web/ngoadmin.musatech.net/public_html/vendor/laravel/framework/src/Illuminate/Database/Eloquent/Builder.php(632): Illuminate\\Database\\Query\\Builder->get(Array)
#17 /home/badhan/web/ngoadmin.musatech.net/public_html/vendor/laravel/framework/src/Illuminate/Database/Eloquent/Builder.php(616): Illuminate\\Database\\Eloquent\\Builder->getModels(Array)
#18 /home/badhan/web/ngoadmin.musatech.net/public_html/app/Providers/AppServiceProvider.php(32): Illuminate\\Database\\Eloquent\\Builder->get()
#19 /home/badhan/web/ngoadmin.musatech.net/public_html/vendor/laravel/framework/src/Illuminate/Container/BoundMethod.php(36): App\\Providers\\AppServiceProvider->boot()
#20 /home/badhan/web/ngoadmin.musatech.net/public_html/vendor/laravel/framework/src/Illuminate/Container/Util.php(41): Illuminate\\Container\\BoundMethod::Illuminate\\Container\\{closure}()
#21 /home/badhan/web/ngoadmin.musatech.net/public_html/vendor/laravel/framework/src/Illuminate/Container/BoundMethod.php(93): Illuminate\\Container\\Util::unwrapIfClosure(Object(Closure))
#22 /home/badhan/web/ngoadmin.musatech.net/public_html/vendor/laravel/framework/src/Illuminate/Container/BoundMethod.php(37): Illuminate\\Container\\BoundMethod::callBoundMethod(Object(Illuminate\\Foundation\\Application), Array, Object(Closure))
#23 /home/badhan/web/ngoadmin.musatech.net/public_html/vendor/laravel/framework/src/Illuminate/Container/Container.php(653): Illuminate\\Container\\BoundMethod::call(Object(Illuminate\\Foundation\\Application), Array, Array, NULL)
#24 /home/badhan/web/ngoadmin.musatech.net/public_html/vendor/laravel/framework/src/Illuminate/Foundation/Application.php(928): Illuminate\\Container\\Container->call(Array)
#25 /home/badhan/web/ngoadmin.musatech.net/public_html/vendor/laravel/framework/src/Illuminate/Foundation/Application.php(909): Illuminate\\Foundation\\Application->bootProvider(Object(App\\Providers\\AppServiceProvider))
#26 [internal function]: Illuminate\\Foundation\\Application->Illuminate\\Foundation\\{closure}(Object(App\\Providers\\AppServiceProvider), 29)
#27 /home/badhan/web/ngoadmin.musatech.net/public_html/vendor/laravel/framework/src/Illuminate/Foundation/Application.php(910): array_walk(Array, Object(Closure))
#28 /home/badhan/web/ngoadmin.musatech.net/public_html/vendor/laravel/framework/src/Illuminate/Foundation/Bootstrap/BootProviders.php(17): Illuminate\\Foundation\\Application->boot()
#29 /home/badhan/web/ngoadmin.musatech.net/public_html/vendor/laravel/framework/src/Illuminate/Foundation/Application.php(239): Illuminate\\Foundation\\Bootstrap\\BootProviders->bootstrap(Object(Illuminate\\Foundation\\Application))
#30 /home/badhan/web/ngoadmin.musatech.net/public_html/vendor/laravel/framework/src/Illuminate/Foundation/Http/Kernel.php(153): Illuminate\\Foundation\\Application->bootstrapWith(Array)
#31 /home/badhan/web/ngoadmin.musatech.net/public_html/vendor/laravel/framework/src/Illuminate/Foundation/Http/Kernel.php(137): Illuminate\\Foundation\\Http\\Kernel->bootstrap()
#32 /home/badhan/web/ngoadmin.musatech.net/public_html/vendor/laravel/framework/src/Illuminate/Foundation/Http/Kernel.php(111): Illuminate\\Foundation\\Http\\Kernel->sendRequestThroughRouter(Object(Illuminate\\Http\\Request))
#33 /home/badhan/web/ngoadmin.musatech.net/public_html/index.php(52): Illuminate\\Foundation\\Http\\Kernel->handle(Object(Illuminate\\Http\\Request))
#34 {main}
"} 
